e:\google drive\dev stuff\projects\customlevelloader\example\debug\vc142.pdb
e:\google drive\dev stuff\projects\customlevelloader\example\debug\vc142.idb
e:\google drive\dev stuff\projects\customlevelloader\example\debug\main.obj
e:\google drive\dev stuff\projects\customlevelloader\example\irrlicht\debug\vc143.pdb
e:\google drive\dev stuff\projects\customlevelloader\example\irrlicht\debug\vc143.idb
e:\google drive\dev stuff\projects\customlevelloader\example\irrlicht\debug\main.obj
e:\google drive\dev stuff\projects\customlevelloader\example\main.ilk
e:\google drive\dev stuff\projects\customlevelloader\example\main.exe
e:\google drive\dev stuff\projects\customlevelloader\example\04.movement.pdb
e:\google drive\dev stuff\projects\customlevelloader\example\irrlicht\debug\vc142.idb
e:\google drive\dev stuff\projects\customlevelloader\example\irrlicht\debug\vc142.pdb
e:\google drive\dev stuff\projects\customlevelloader\example\irrlicht\debug\04.movement.tlog\cl.command.1.tlog
e:\google drive\dev stuff\projects\customlevelloader\example\irrlicht\debug\04.movement.tlog\cl.read.1.tlog
e:\google drive\dev stuff\projects\customlevelloader\example\irrlicht\debug\04.movement.tlog\cl.write.1.tlog
e:\google drive\dev stuff\projects\customlevelloader\example\irrlicht\debug\04.movement.tlog\link-cvtres.read.1.tlog
e:\google drive\dev stuff\projects\customlevelloader\example\irrlicht\debug\04.movement.tlog\link-cvtres.write.1.tlog
e:\google drive\dev stuff\projects\customlevelloader\example\irrlicht\debug\04.movement.tlog\link-rc.read.1.tlog
e:\google drive\dev stuff\projects\customlevelloader\example\irrlicht\debug\04.movement.tlog\link-rc.write.1.tlog
e:\google drive\dev stuff\projects\customlevelloader\example\irrlicht\debug\04.movement.tlog\link.command.1.tlog
e:\google drive\dev stuff\projects\customlevelloader\example\irrlicht\debug\04.movement.tlog\link.read.1.tlog
e:\google drive\dev stuff\projects\customlevelloader\example\irrlicht\debug\04.movement.tlog\link.write.1.tlog
