  main.cpp
E:\Google Drive\Dev Stuff\Projects\CustomLevelLoader\Example\irrlicht\main.cpp(103,22): warning C4018: '<': signed/unsigned mismatch
E:\Google Drive\Dev Stuff\Projects\CustomLevelLoader\Example\irrlicht\main.cpp(121,14): warning C4244: '=': conversion from 'double' to 'float', possible loss of data
E:\Google Drive\Dev Stuff\Projects\CustomLevelLoader\Example\irrlicht\main.cpp(125,14): warning C4244: '=': conversion from 'double' to 'float', possible loss of data
E:\Google Drive\Dev Stuff\Projects\CustomLevelLoader\Example\irrlicht\main.cpp(129,14): warning C4244: '=': conversion from 'double' to 'float', possible loss of data
E:\Google Drive\Dev Stuff\Projects\CustomLevelLoader\Example\irrlicht\main.cpp(133,15): warning C4244: '=': conversion from 'double' to 'float', possible loss of data
E:\Google Drive\Dev Stuff\Projects\CustomLevelLoader\Example\irrlicht\main.cpp(137,15): warning C4244: '=': conversion from 'double' to 'float', possible loss of data
E:\Google Drive\Dev Stuff\Projects\CustomLevelLoader\Example\irrlicht\main.cpp(141,15): warning C4244: '=': conversion from 'double' to 'float', possible loss of data
E:\Google Drive\Dev Stuff\Projects\CustomLevelLoader\Example\irrlicht\main.cpp(145,15): warning C4244: '=': conversion from 'double' to 'float', possible loss of data
E:\Google Drive\Dev Stuff\Projects\CustomLevelLoader\Example\irrlicht\main.cpp(149,15): warning C4244: '=': conversion from 'double' to 'float', possible loss of data
E:\Google Drive\Dev Stuff\Projects\CustomLevelLoader\Example\irrlicht\main.cpp(153,15): warning C4244: '=': conversion from 'double' to 'float', possible loss of data
C:\Program Files\Microsoft Visual Studio\2022\Community\MSBuild\Microsoft\VC\v170\Microsoft.CppBuild.targets(1361,5): warning MSB8012: TargetPath(E:\Google Drive\Dev Stuff\Projects\CustomLevelLoader\Example\irrlicht\04.Movement.exe) does not match the Linker's OutputFile property value (E:\Google Drive\Dev Stuff\Projects\CustomLevelLoader\Example\irrlicht\main.exe). This may cause your project to build incorrectly. To correct this, please make sure that $(OutDir), $(TargetName) and $(TargetExt) property values match the value specified in %(Link.OutputFile).
C:\Program Files\Microsoft Visual Studio\2022\Community\MSBuild\Microsoft\VC\v170\Microsoft.CppBuild.targets(1363,5): warning MSB8012: TargetName(04.Movement) does not match the Linker's OutputFile property value (main). This may cause your project to build incorrectly. To correct this, please make sure that $(OutDir), $(TargetName) and $(TargetExt) property values match the value specified in %(Link.OutputFile).
main.obj : warning LNK4075: ignoring '/EDITANDCONTINUE' due to '/SAFESEH' specification
main.obj : error LNK2019: unresolved external symbol "public: __thiscall IrrAssimp::IrrAssimp(class irr::scene::ISceneManager *)" (??0IrrAssimp@@QAE@PAVISceneManager@scene@irr@@@Z) referenced in function "void __cdecl load_level(class std::basic_string<char,struct std::char_traits<char>,class std::allocator<char> >)" (?load_level@@YAXV?$basic_string@DU?$char_traits@D@std@@V?$allocator@D@2@@std@@@Z)
main.obj : error LNK2019: unresolved external symbol "public: virtual __thiscall IrrAssimp::~IrrAssimp(void)" (??1IrrAssimp@@UAE@XZ) referenced in function "void __cdecl load_level(class std::basic_string<char,struct std::char_traits<char>,class std::allocator<char> >)" (?load_level@@YAXV?$basic_string@DU?$char_traits@D@std@@V?$allocator@D@2@@std@@@Z)
main.obj : error LNK2019: unresolved external symbol "public: class irr::scene::IAnimatedMesh * __thiscall IrrAssimp::getMesh(class irr::core::string<char,class irr::core::irrAllocator<char> > const &)" (?getMesh@IrrAssimp@@QAEPAVIAnimatedMesh@scene@irr@@ABV?$string@DV?$irrAllocator@D@core@irr@@@core@4@@Z) referenced in function "void __cdecl load_level(class std::basic_string<char,struct std::char_traits<char>,class std::allocator<char> >)" (?load_level@@YAXV?$basic_string@DU?$char_traits@D@std@@V?$allocator@D@2@@std@@@Z)
main.obj : error LNK2019: unresolved external symbol __imp__createDevice referenced in function _main
.\lib\Win64-visualStudio\Irrlicht.lib : warning LNK4272: library machine type 'x64' conflicts with target machine type 'x86'
.\lib\Win64-visualstudio\assimp-vc143-mtd.lib : warning LNK4272: library machine type 'x64' conflicts with target machine type 'x86'
main.exe : fatal error LNK1120: 4 unresolved externals
